<?xml version="1.0" encoding="UTF-8"?>
<testsuite xmlns:xsi="http://www.w3.org/2001/XMLSchema-instance" xsi:noNamespaceSchemaLocation="https://maven.apache.org/surefire/maven-surefire-plugin/xsd/surefire-test-report-3.0.xsd" version="3.0" name="com.example.Healthbook.integration.PacientControllerIT" time="5.63" tests="8" errors="0" skipped="0" failures="0">
  <properties>
[...]
</properties>
  <testcase name="list_ReturnListOfPacientInsidePageObject_WhenSuccessful" classname="com.example.Healthbook.integration.PacientControllerIT" time="0.626">
    <system-out><![CDATA[21:16:28:255 {main} INFO  o.s.t.c.s.AnnotationConfigContextLoaderUtils - Could not detect default configuration classes for test class [com.example.Healthbook.integration.PacientControllerIT]: PacientControllerIT does not declare any static, non-private, non-final, nested classes annotated with @Configuration.
21:16:28:308 {main} INFO  o.s.b.t.c.SpringBootTestContextBootstrapper - Found @SpringBootConfiguration com.example.Healthbook.HealthbookApplication for test class com.example.Healthbook.integration.PacientControllerIT

  .   ____          _            __ _ _
 /\\ / ___'_ __ _ _(_)_ __  __ _ \ \ \ \
( ( )\___ | '_ | '_| | '_ \/ _` | \ \ \ \
 \\/  ___)| |_)| | | | | || (_| |  ) ) ) )
  '  |____| .__|_| |_|_| |_\__, | / / / /
 =========|_|==============|___/=/_/_/_/
 :: Spring Boot ::                (v3.1.4)

21:16:28:538 {background-preinit} INFO  o.h.validator.internal.util.Version - HV000001: Hibernate Validator 8.0.1.Final
21:16:28:541 {main} INFO  c.e.H.i.PacientControllerIT - Starting PacientControllerIT using Java 20.0.2 with PID 11864 (started by Joao in C:\Users\João Pedro\Documents\AgendaMedicav2\Healthbook\Healthbook)
21:16:28:542 {main} INFO  c.e.H.i.PacientControllerIT - No active profile set, falling back to 1 default profile: "default"
21:16:29:070 {main} INFO  o.s.d.r.c.RepositoryConfigurationDelegate - Bootstrapping Spring Data JPA repositories in DEFAULT mode.
21:16:29:108 {main} INFO  o.s.d.r.c.RepositoryConfigurationDelegate - Finished Spring Data repository scanning in 32 ms. Found 1 JPA repository interfaces.
21:16:29:160 {main} INFO  o.s.b.t.a.j.TestDatabaseAutoConfiguration$EmbeddedDataSourceBeanFactoryPostProcessor - Replacing 'dataSource' DataSource bean with embedded version
21:16:29:550 {main} INFO  o.s.b.w.e.tomcat.TomcatWebServer - Tomcat initialized with port(s): 0 (http)
21:16:29:556 {main} INFO  o.a.coyote.http11.Http11NioProtocol - Initializing ProtocolHandler ["http-nio-auto-1"]
21:16:29:557 {main} INFO  o.a.catalina.core.StandardService - Starting service [Tomcat]
21:16:29:558 {main} INFO  o.a.catalina.core.StandardEngine - Starting Servlet engine: [Apache Tomcat/10.1.13]
21:16:29:643 {main} INFO  o.a.c.c.C.[Tomcat].[localhost].[/] - Initializing Spring embedded WebApplicationContext
21:16:29:643 {main} INFO  o.s.b.w.s.c.ServletWebServerApplicationContext - Root WebApplicationContext: initialization completed in 1090 ms
21:16:29:699 {main} INFO  o.s.j.d.e.EmbeddedDatabaseFactory - Starting embedded database: url='jdbc:h2:mem:ce6a62ce-c4b5-4ad4-b5a2-687694f27e87;DB_CLOSE_DELAY=-1;DB_CLOSE_ON_EXIT=false', username='sa'
21:16:29:951 {main} INFO  o.h.jpa.internal.util.LogHelper - HHH000204: Processing PersistenceUnitInfo [name: default]
21:16:30:003 {main} INFO  org.hibernate.Version - HHH000412: Hibernate ORM core version 6.2.9.Final
21:16:30:005 {main} INFO  org.hibernate.cfg.Environment - HHH000406: Using bytecode reflection optimizer
21:16:30:095 {main} INFO  o.h.b.i.BytecodeProviderInitiator - HHH000021: Bytecode provider name : bytebuddy
21:16:30:103 {main} INFO  o.s.o.j.p.SpringPersistenceUnitInfo - No LoadTimeWeaver setup: ignoring JPA class transformer
21:16:30:252 {main} INFO  o.h.b.i.BytecodeProviderInitiator - HHH000021: Bytecode provider name : bytebuddy
21:16:30:588 {main} INFO  o.h.e.t.j.p.i.JtaPlatformInitiator - HHH000490: Using JtaPlatform implementation: [org.hibernate.engine.transaction.jta.platform.internal.NoJtaPlatform]
21:16:30:617 {main} DEBUG org.hibernate.SQL - create table pacient (id bigint generated by default as identity, address varchar(255), age integer not null, name varchar(255), phone_number varchar(255), primary key (id))
21:16:30:623 {main} INFO  o.s.o.j.LocalContainerEntityManagerFactoryBean - Initialized JPA EntityManagerFactory for persistence unit 'default'
21:16:30:857 {main} WARN  o.s.b.a.o.j.JpaBaseConfiguration$JpaWebConfiguration - spring.jpa.open-in-view is enabled by default. Therefore, database queries may be performed during view rendering. Explicitly configure spring.jpa.open-in-view to disable this warning
21:16:31:103 {main} INFO  o.a.coyote.http11.Http11NioProtocol - Starting ProtocolHandler ["http-nio-auto-1"]
21:16:31:123 {main} INFO  o.s.b.w.e.tomcat.TomcatWebServer - Tomcat started on port(s): 53447 (http) with context path ''
21:16:31:127 {main} INFO  c.e.H.i.PacientControllerIT - Started PacientControllerIT in 2.743 seconds (process running for 4.644)
21:16:31:142 {main} INFO  o.a.coyote.http11.Http11NioProtocol - Pausing ProtocolHandler ["http-nio-auto-1"]
21:16:31:142 {main} INFO  o.a.catalina.core.StandardService - Stopping service [Tomcat]
21:16:31:149 {main} INFO  o.a.coyote.http11.Http11NioProtocol - Stopping ProtocolHandler ["http-nio-auto-1"]
21:16:31:151 {main} INFO  o.a.coyote.http11.Http11NioProtocol - Destroying ProtocolHandler ["http-nio-auto-1"]
21:16:31:151 {main} INFO  o.s.o.j.LocalContainerEntityManagerFactoryBean - Closing JPA EntityManagerFactory for persistence unit 'default'

  .   ____          _            __ _ _
 /\\ / ___'_ __ _ _(_)_ __  __ _ \ \ \ \
( ( )\___ | '_ | '_| | '_ \/ _` | \ \ \ \
 \\/  ___)| |_)| | | | | || (_| |  ) ) ) )
  '  |____| .__|_| |_|_| |_\__, | / / / /
 =========|_|==============|___/=/_/_/_/
 :: Spring Boot ::                (v3.1.4)

21:16:31:172 {main} INFO  c.e.H.i.PacientControllerIT - Starting PacientControllerIT using Java 20.0.2 with PID 11864 (started by Joao in C:\Users\João Pedro\Documents\AgendaMedicav2\Healthbook\Healthbook)
21:16:31:172 {main} INFO  c.e.H.i.PacientControllerIT - No active profile set, falling back to 1 default profile: "default"
21:16:31:268 {main} INFO  o.s.d.r.c.RepositoryConfigurationDelegate - Bootstrapping Spring Data JPA repositories in DEFAULT mode.
21:16:31:276 {main} INFO  o.s.d.r.c.RepositoryConfigurationDelegate - Finished Spring Data repository scanning in 7 ms. Found 1 JPA repository interfaces.
21:16:31:287 {main} INFO  o.s.b.t.a.j.TestDatabaseAutoConfiguration$EmbeddedDataSourceBeanFactoryPostProcessor - Replacing 'dataSource' DataSource bean with embedded version
21:16:31:316 {main} INFO  o.s.b.w.e.tomcat.TomcatWebServer - Tomcat initialized with port(s): 0 (http)
21:16:31:316 {main} INFO  o.a.coyote.http11.Http11NioProtocol - Initializing ProtocolHandler ["http-nio-auto-2"]
21:16:31:316 {main} INFO  o.a.catalina.core.StandardService - Starting service [Tomcat]
21:16:31:316 {main} INFO  o.a.catalina.core.StandardEngine - Starting Servlet engine: [Apache Tomcat/10.1.13]
21:16:31:332 {main} INFO  o.a.c.c.C.[Tomcat].[localhost].[/] - Initializing Spring embedded WebApplicationContext
21:16:31:332 {main} INFO  o.s.b.w.s.c.ServletWebServerApplicationContext - Root WebApplicationContext: initialization completed in 159 ms
21:16:31:338 {main} INFO  o.s.j.d.e.EmbeddedDatabaseFactory - Starting embedded database: url='jdbc:h2:mem:a6f6bad8-4ca5-47d2-a7b6-ec98e0b0872b;DB_CLOSE_DELAY=-1;DB_CLOSE_ON_EXIT=false', username='sa'
21:16:31:348 {main} INFO  o.h.jpa.internal.util.LogHelper - HHH000204: Processing PersistenceUnitInfo [name: default]
21:16:31:352 {main} INFO  o.h.b.i.BytecodeProviderInitiator - HHH000021: Bytecode provider name : bytebuddy
21:16:31:352 {main} INFO  o.s.o.j.p.SpringPersistenceUnitInfo - No LoadTimeWeaver setup: ignoring JPA class transformer
21:16:31:357 {main} INFO  o.h.b.i.BytecodeProviderInitiator - HHH000021: Bytecode provider name : bytebuddy
21:16:31:373 {main} INFO  o.h.e.t.j.p.i.JtaPlatformInitiator - HHH000490: Using JtaPlatform implementation: [org.hibernate.engine.transaction.jta.platform.internal.NoJtaPlatform]
21:16:31:374 {main} DEBUG org.hibernate.SQL - create table pacient (id bigint generated by default as identity, address varchar(255), age integer not null, name varchar(255), phone_number varchar(255), primary key (id))
21:16:31:375 {main} INFO  o.s.o.j.LocalContainerEntityManagerFactoryBean - Initialized JPA EntityManagerFactory for persistence unit 'default'
21:16:31:414 {main} WARN  o.s.b.a.o.j.JpaBaseConfiguration$JpaWebConfiguration - spring.jpa.open-in-view is enabled by default. Therefore, database queries may be performed during view rendering. Explicitly configure spring.jpa.open-in-view to disable this warning
21:16:31:467 {main} INFO  o.a.coyote.http11.Http11NioProtocol - Starting ProtocolHandler ["http-nio-auto-2"]
21:16:31:470 {main} INFO  o.s.b.w.e.tomcat.TomcatWebServer - Tomcat started on port(s): 53449 (http) with context path ''
21:16:31:472 {main} INFO  c.e.H.i.PacientControllerIT - Started PacientControllerIT in 0.317 seconds (process running for 4.989)
21:16:31:532 {main} DEBUG org.hibernate.SQL - insert into pacient (address,age,name,phone_number,id) values (?,?,?,?,default)
21:16:31:640 {http-nio-auto-2-exec-1} INFO  o.a.c.c.C.[Tomcat].[localhost].[/] - Initializing Spring DispatcherServlet 'dispatcherServlet'
21:16:31:640 {http-nio-auto-2-exec-1} INFO  o.s.web.servlet.DispatcherServlet - Initializing Servlet 'dispatcherServlet'
21:16:31:641 {http-nio-auto-2-exec-1} INFO  o.s.web.servlet.DispatcherServlet - Completed initialization in 1 ms
21:16:31:711 {http-nio-auto-2-exec-1} DEBUG org.hibernate.SQL - select p1_0.id,p1_0.address,p1_0.age,p1_0.name,p1_0.phone_number from pacient p1_0 offset ? rows fetch first ? rows only
]]></system-out>
  </testcase>
  <testcase name="delete_RemovePacient_WhenSuccessful" classname="com.example.Healthbook.integration.PacientControllerIT" time="0.392">
    <system-out><![CDATA[21:16:31:766 {main} INFO  o.a.coyote.http11.Http11NioProtocol - Pausing ProtocolHandler ["http-nio-auto-2"]
21:16:31:768 {main} INFO  o.a.catalina.core.StandardService - Stopping service [Tomcat]
21:16:31:768 {main} INFO  o.a.c.c.C.[Tomcat].[localhost].[/] - Destroying Spring FrameworkServlet 'dispatcherServlet'
21:16:31:770 {main} INFO  o.a.coyote.http11.Http11NioProtocol - Stopping ProtocolHandler ["http-nio-auto-2"]
21:16:31:771 {main} INFO  o.a.coyote.http11.Http11NioProtocol - Destroying ProtocolHandler ["http-nio-auto-2"]
21:16:31:772 {main} INFO  o.s.o.j.LocalContainerEntityManagerFactoryBean - Closing JPA EntityManagerFactory for persistence unit 'default'

  .   ____          _            __ _ _
 /\\ / ___'_ __ _ _(_)_ __  __ _ \ \ \ \
( ( )\___ | '_ | '_| | '_ \/ _` | \ \ \ \
 \\/  ___)| |_)| | | | | || (_| |  ) ) ) )
  '  |____| .__|_| |_|_| |_\__, | / / / /
 =========|_|==============|___/=/_/_/_/
 :: Spring Boot ::                (v3.1.4)

21:16:31:793 {main} INFO  c.e.H.i.PacientControllerIT - Starting PacientControllerIT using Java 20.0.2 with PID 11864 (started by Joao in C:\Users\João Pedro\Documents\AgendaMedicav2\Healthbook\Healthbook)
21:16:31:793 {main} INFO  c.e.H.i.PacientControllerIT - No active profile set, falling back to 1 default profile: "default"
21:16:31:898 {main} INFO  o.s.d.r.c.RepositoryConfigurationDelegate - Bootstrapping Spring Data JPA repositories in DEFAULT mode.
21:16:31:908 {main} INFO  o.s.d.r.c.RepositoryConfigurationDelegate - Finished Spring Data repository scanning in 10 ms. Found 1 JPA repository interfaces.
21:16:31:922 {main} INFO  o.s.b.t.a.j.TestDatabaseAutoConfiguration$EmbeddedDataSourceBeanFactoryPostProcessor - Replacing 'dataSource' DataSource bean with embedded version
21:16:31:944 {main} INFO  o.s.b.w.e.tomcat.TomcatWebServer - Tomcat initialized with port(s): 0 (http)
21:16:31:945 {main} INFO  o.a.coyote.http11.Http11NioProtocol - Initializing ProtocolHandler ["http-nio-auto-3"]
21:16:31:945 {main} INFO  o.a.catalina.core.StandardService - Starting service [Tomcat]
21:16:31:945 {main} INFO  o.a.catalina.core.StandardEngine - Starting Servlet engine: [Apache Tomcat/10.1.13]
21:16:31:959 {main} INFO  o.a.c.c.C.[Tomcat].[localhost].[/] - Initializing Spring embedded WebApplicationContext
21:16:31:959 {main} INFO  o.s.b.w.s.c.ServletWebServerApplicationContext - Root WebApplicationContext: initialization completed in 165 ms
21:16:31:965 {main} INFO  o.s.j.d.e.EmbeddedDatabaseFactory - Starting embedded database: url='jdbc:h2:mem:e1c0a9c1-54b1-4557-8f2a-09ab8a43ba71;DB_CLOSE_DELAY=-1;DB_CLOSE_ON_EXIT=false', username='sa'
21:16:31:975 {main} INFO  o.h.jpa.internal.util.LogHelper - HHH000204: Processing PersistenceUnitInfo [name: default]
21:16:31:980 {main} INFO  o.h.b.i.BytecodeProviderInitiator - HHH000021: Bytecode provider name : bytebuddy
21:16:31:980 {main} INFO  o.s.o.j.p.SpringPersistenceUnitInfo - No LoadTimeWeaver setup: ignoring JPA class transformer
21:16:31:988 {main} INFO  o.h.b.i.BytecodeProviderInitiator - HHH000021: Bytecode provider name : bytebuddy
21:16:32:007 {main} INFO  o.h.e.t.j.p.i.JtaPlatformInitiator - HHH000490: Using JtaPlatform implementation: [org.hibernate.engine.transaction.jta.platform.internal.NoJtaPlatform]
21:16:32:009 {main} DEBUG org.hibernate.SQL - create table pacient (id bigint generated by default as identity, address varchar(255), age integer not null, name varchar(255), phone_number varchar(255), primary key (id))
21:16:32:009 {main} INFO  o.s.o.j.LocalContainerEntityManagerFactoryBean - Initialized JPA EntityManagerFactory for persistence unit 'default'
21:16:32:037 {main} WARN  o.s.b.a.o.j.JpaBaseConfiguration$JpaWebConfiguration - spring.jpa.open-in-view is enabled by default. Therefore, database queries may be performed during view rendering. Explicitly configure spring.jpa.open-in-view to disable this warning
21:16:32:078 {main} INFO  o.a.coyote.http11.Http11NioProtocol - Starting ProtocolHandler ["http-nio-auto-3"]
21:16:32:083 {main} INFO  o.s.b.w.e.tomcat.TomcatWebServer - Tomcat started on port(s): 53452 (http) with context path ''
21:16:32:085 {main} INFO  c.e.H.i.PacientControllerIT - Started PacientControllerIT in 0.31 seconds (process running for 5.602)
21:16:32:089 {main} DEBUG org.hibernate.SQL - insert into pacient (address,age,name,phone_number,id) values (?,?,?,?,default)
21:16:32:096 {http-nio-auto-3-exec-1} INFO  o.a.c.c.C.[Tomcat].[localhost].[/] - Initializing Spring DispatcherServlet 'dispatcherServlet'
21:16:32:096 {http-nio-auto-3-exec-1} INFO  o.s.web.servlet.DispatcherServlet - Initializing Servlet 'dispatcherServlet'
21:16:32:096 {http-nio-auto-3-exec-1} INFO  o.s.web.servlet.DispatcherServlet - Completed initialization in 0 ms
21:16:32:124 {http-nio-auto-3-exec-1} DEBUG org.hibernate.SQL - select p1_0.id,p1_0.address,p1_0.age,p1_0.name,p1_0.phone_number from pacient p1_0 where p1_0.id=?
21:16:32:144 {http-nio-auto-3-exec-1} DEBUG org.hibernate.SQL - delete from pacient where id=?
]]></system-out>
  </testcase>
  <testcase name="save_ReturnPacient_WhenSuccessful" classname="com.example.Healthbook.integration.PacientControllerIT" time="0.336">
    <system-out><![CDATA[21:16:32:157 {main} INFO  o.a.coyote.http11.Http11NioProtocol - Pausing ProtocolHandler ["http-nio-auto-3"]
21:16:32:157 {main} INFO  o.a.catalina.core.StandardService - Stopping service [Tomcat]
21:16:32:158 {main} INFO  o.a.c.c.C.[Tomcat].[localhost].[/] - Destroying Spring FrameworkServlet 'dispatcherServlet'
21:16:32:159 {main} INFO  o.a.coyote.http11.Http11NioProtocol - Stopping ProtocolHandler ["http-nio-auto-3"]
21:16:32:161 {main} INFO  o.a.coyote.http11.Http11NioProtocol - Destroying ProtocolHandler ["http-nio-auto-3"]
21:16:32:161 {main} INFO  o.s.o.j.LocalContainerEntityManagerFactoryBean - Closing JPA EntityManagerFactory for persistence unit 'default'

  .   ____          _            __ _ _
 /\\ / ___'_ __ _ _(_)_ __  __ _ \ \ \ \
( ( )\___ | '_ | '_| | '_ \/ _` | \ \ \ \
 \\/  ___)| |_)| | | | | || (_| |  ) ) ) )
  '  |____| .__|_| |_|_| |_\__, | / / / /
 =========|_|==============|___/=/_/_/_/
 :: Spring Boot ::                (v3.1.4)

21:16:32:178 {main} INFO  c.e.H.i.PacientControllerIT - Starting PacientControllerIT using Java 20.0.2 with PID 11864 (started by Joao in C:\Users\João Pedro\Documents\AgendaMedicav2\Healthbook\Healthbook)
21:16:32:178 {main} INFO  c.e.H.i.PacientControllerIT - No active profile set, falling back to 1 default profile: "default"
21:16:32:267 {main} INFO  o.s.d.r.c.RepositoryConfigurationDelegate - Bootstrapping Spring Data JPA repositories in DEFAULT mode.
21:16:32:274 {main} INFO  o.s.d.r.c.RepositoryConfigurationDelegate - Finished Spring Data repository scanning in 7 ms. Found 1 JPA repository interfaces.
21:16:32:283 {main} INFO  o.s.b.t.a.j.TestDatabaseAutoConfiguration$EmbeddedDataSourceBeanFactoryPostProcessor - Replacing 'dataSource' DataSource bean with embedded version
21:16:32:309 {main} INFO  o.s.b.w.e.tomcat.TomcatWebServer - Tomcat initialized with port(s): 0 (http)
21:16:32:310 {main} INFO  o.a.coyote.http11.Http11NioProtocol - Initializing ProtocolHandler ["http-nio-auto-4"]
21:16:32:310 {main} INFO  o.a.catalina.core.StandardService - Starting service [Tomcat]
21:16:32:311 {main} INFO  o.a.catalina.core.StandardEngine - Starting Servlet engine: [Apache Tomcat/10.1.13]
21:16:32:326 {main} INFO  o.a.c.c.C.[Tomcat].[localhost].[/] - Initializing Spring embedded WebApplicationContext
21:16:32:327 {main} INFO  o.s.b.w.s.c.ServletWebServerApplicationContext - Root WebApplicationContext: initialization completed in 148 ms
21:16:32:331 {main} INFO  o.s.j.d.e.EmbeddedDatabaseFactory - Starting embedded database: url='jdbc:h2:mem:4c88e139-9107-4f52-bfd0-890b808de2c3;DB_CLOSE_DELAY=-1;DB_CLOSE_ON_EXIT=false', username='sa'
21:16:32:340 {main} INFO  o.h.jpa.internal.util.LogHelper - HHH000204: Processing PersistenceUnitInfo [name: default]
21:16:32:345 {main} INFO  o.h.b.i.BytecodeProviderInitiator - HHH000021: Bytecode provider name : bytebuddy
21:16:32:345 {main} INFO  o.s.o.j.p.SpringPersistenceUnitInfo - No LoadTimeWeaver setup: ignoring JPA class transformer
21:16:32:349 {main} INFO  o.h.b.i.BytecodeProviderInitiator - HHH000021: Bytecode provider name : bytebuddy
21:16:32:364 {main} INFO  o.h.e.t.j.p.i.JtaPlatformInitiator - HHH000490: Using JtaPlatform implementation: [org.hibernate.engine.transaction.jta.platform.internal.NoJtaPlatform]
21:16:32:365 {main} DEBUG org.hibernate.SQL - create table pacient (id bigint generated by default as identity, address varchar(255), age integer not null, name varchar(255), phone_number varchar(255), primary key (id))
21:16:32:366 {main} INFO  o.s.o.j.LocalContainerEntityManagerFactoryBean - Initialized JPA EntityManagerFactory for persistence unit 'default'
21:16:32:395 {main} WARN  o.s.b.a.o.j.JpaBaseConfiguration$JpaWebConfiguration - spring.jpa.open-in-view is enabled by default. Therefore, database queries may be performed during view rendering. Explicitly configure spring.jpa.open-in-view to disable this warning
21:16:32:442 {main} INFO  o.a.coyote.http11.Http11NioProtocol - Starting ProtocolHandler ["http-nio-auto-4"]
21:16:32:445 {main} INFO  o.s.b.w.e.tomcat.TomcatWebServer - Tomcat started on port(s): 53455 (http) with context path ''
21:16:32:447 {main} INFO  c.e.H.i.PacientControllerIT - Started PacientControllerIT in 0.284 seconds (process running for 5.964)
21:16:32:453 {http-nio-auto-4-exec-1} INFO  o.a.c.c.C.[Tomcat].[localhost].[/] - Initializing Spring DispatcherServlet 'dispatcherServlet'
21:16:32:453 {http-nio-auto-4-exec-1} INFO  o.s.web.servlet.DispatcherServlet - Initializing Servlet 'dispatcherServlet'
21:16:32:454 {http-nio-auto-4-exec-1} INFO  o.s.web.servlet.DispatcherServlet - Completed initialization in 1 ms
21:16:32:484 {http-nio-auto-4-exec-1} DEBUG org.hibernate.SQL - insert into pacient (address,age,name,phone_number,id) values (?,?,?,?,default)
]]></system-out>
  </testcase>
  <testcase name="getById_ReturnPacient_WhenSuccessful" classname="com.example.Healthbook.integration.PacientControllerIT" time="0.315">
    <system-out><![CDATA[21:16:32:496 {main} INFO  o.a.coyote.http11.Http11NioProtocol - Pausing ProtocolHandler ["http-nio-auto-4"]
21:16:32:497 {main} INFO  o.a.catalina.core.StandardService - Stopping service [Tomcat]
21:16:32:497 {main} INFO  o.a.c.c.C.[Tomcat].[localhost].[/] - Destroying Spring FrameworkServlet 'dispatcherServlet'
21:16:32:499 {main} INFO  o.a.coyote.http11.Http11NioProtocol - Stopping ProtocolHandler ["http-nio-auto-4"]
21:16:32:500 {main} INFO  o.a.coyote.http11.Http11NioProtocol - Destroying ProtocolHandler ["http-nio-auto-4"]
21:16:32:501 {main} INFO  o.s.o.j.LocalContainerEntityManagerFactoryBean - Closing JPA EntityManagerFactory for persistence unit 'default'

  .   ____          _            __ _ _
 /\\ / ___'_ __ _ _(_)_ __  __ _ \ \ \ \
( ( )\___ | '_ | '_| | '_ \/ _` | \ \ \ \
 \\/  ___)| |_)| | | | | || (_| |  ) ) ) )
  '  |____| .__|_| |_|_| |_\__, | / / / /
 =========|_|==============|___/=/_/_/_/
 :: Spring Boot ::                (v3.1.4)

21:16:32:517 {main} INFO  c.e.H.i.PacientControllerIT - Starting PacientControllerIT using Java 20.0.2 with PID 11864 (started by Joao in C:\Users\João Pedro\Documents\AgendaMedicav2\Healthbook\Healthbook)
21:16:32:517 {main} INFO  c.e.H.i.PacientControllerIT - No active profile set, falling back to 1 default profile: "default"
21:16:32:615 {main} INFO  o.s.d.r.c.RepositoryConfigurationDelegate - Bootstrapping Spring Data JPA repositories in DEFAULT mode.
21:16:32:623 {main} INFO  o.s.d.r.c.RepositoryConfigurationDelegate - Finished Spring Data repository scanning in 8 ms. Found 1 JPA repository interfaces.
21:16:32:634 {main} INFO  o.s.b.t.a.j.TestDatabaseAutoConfiguration$EmbeddedDataSourceBeanFactoryPostProcessor - Replacing 'dataSource' DataSource bean with embedded version
21:16:32:659 {main} INFO  o.s.b.w.e.tomcat.TomcatWebServer - Tomcat initialized with port(s): 0 (http)
21:16:32:660 {main} INFO  o.a.coyote.http11.Http11NioProtocol - Initializing ProtocolHandler ["http-nio-auto-5"]
21:16:32:661 {main} INFO  o.a.catalina.core.StandardService - Starting service [Tomcat]
21:16:32:661 {main} INFO  o.a.catalina.core.StandardEngine - Starting Servlet engine: [Apache Tomcat/10.1.13]
21:16:32:674 {main} INFO  o.a.c.c.C.[Tomcat].[localhost].[/] - Initializing Spring embedded WebApplicationContext
21:16:32:674 {main} INFO  o.s.b.w.s.c.ServletWebServerApplicationContext - Root WebApplicationContext: initialization completed in 156 ms
21:16:32:678 {main} INFO  o.s.j.d.e.EmbeddedDatabaseFactory - Starting embedded database: url='jdbc:h2:mem:7e2e1cf4-5e41-48fe-8f8a-cd68cf72e576;DB_CLOSE_DELAY=-1;DB_CLOSE_ON_EXIT=false', username='sa'
21:16:32:687 {main} INFO  o.h.jpa.internal.util.LogHelper - HHH000204: Processing PersistenceUnitInfo [name: default]
21:16:32:691 {main} INFO  o.h.b.i.BytecodeProviderInitiator - HHH000021: Bytecode provider name : bytebuddy
21:16:32:691 {main} INFO  o.s.o.j.p.SpringPersistenceUnitInfo - No LoadTimeWeaver setup: ignoring JPA class transformer
21:16:32:695 {main} INFO  o.h.b.i.BytecodeProviderInitiator - HHH000021: Bytecode provider name : bytebuddy
21:16:32:708 {main} INFO  o.h.e.t.j.p.i.JtaPlatformInitiator - HHH000490: Using JtaPlatform implementation: [org.hibernate.engine.transaction.jta.platform.internal.NoJtaPlatform]
21:16:32:710 {main} DEBUG org.hibernate.SQL - create table pacient (id bigint generated by default as identity, address varchar(255), age integer not null, name varchar(255), phone_number varchar(255), primary key (id))
21:16:32:710 {main} INFO  o.s.o.j.LocalContainerEntityManagerFactoryBean - Initialized JPA EntityManagerFactory for persistence unit 'default'
21:16:32:740 {main} WARN  o.s.b.a.o.j.JpaBaseConfiguration$JpaWebConfiguration - spring.jpa.open-in-view is enabled by default. Therefore, database queries may be performed during view rendering. Explicitly configure spring.jpa.open-in-view to disable this warning
21:16:32:778 {main} INFO  o.a.coyote.http11.Http11NioProtocol - Starting ProtocolHandler ["http-nio-auto-5"]
21:16:32:782 {main} INFO  o.s.b.w.e.tomcat.TomcatWebServer - Tomcat started on port(s): 53458 (http) with context path ''
21:16:32:787 {main} INFO  c.e.H.i.PacientControllerIT - Started PacientControllerIT in 0.285 seconds (process running for 6.304)
21:16:32:790 {main} DEBUG org.hibernate.SQL - insert into pacient (address,age,name,phone_number,id) values (?,?,?,?,default)
21:16:32:796 {http-nio-auto-5-exec-1} INFO  o.a.c.c.C.[Tomcat].[localhost].[/] - Initializing Spring DispatcherServlet 'dispatcherServlet'
21:16:32:796 {http-nio-auto-5-exec-1} INFO  o.s.web.servlet.DispatcherServlet - Initializing Servlet 'dispatcherServlet'
21:16:32:796 {http-nio-auto-5-exec-1} INFO  o.s.web.servlet.DispatcherServlet - Completed initialization in 0 ms
21:16:32:798 {http-nio-auto-5-exec-1} DEBUG org.hibernate.SQL - select p1_0.id,p1_0.address,p1_0.age,p1_0.name,p1_0.phone_number from pacient p1_0 where p1_0.id=?
]]></system-out>
  </testcase>
  <testcase name="getByName_ReturnEmptyListofPacient_WhenNotFound" classname="com.example.Healthbook.integration.PacientControllerIT" time="0.326">
    <system-out><![CDATA[21:16:32:811 {main} INFO  o.a.coyote.http11.Http11NioProtocol - Pausing ProtocolHandler ["http-nio-auto-5"]
21:16:32:811 {main} INFO  o.a.catalina.core.StandardService - Stopping service [Tomcat]
21:16:32:812 {main} INFO  o.a.c.c.C.[Tomcat].[localhost].[/] - Destroying Spring FrameworkServlet 'dispatcherServlet'
21:16:32:814 {main} INFO  o.a.coyote.http11.Http11NioProtocol - Stopping ProtocolHandler ["http-nio-auto-5"]
21:16:32:815 {main} INFO  o.a.coyote.http11.Http11NioProtocol - Destroying ProtocolHandler ["http-nio-auto-5"]
21:16:32:815 {main} INFO  o.s.o.j.LocalContainerEntityManagerFactoryBean - Closing JPA EntityManagerFactory for persistence unit 'default'

  .   ____          _            __ _ _
 /\\ / ___'_ __ _ _(_)_ __  __ _ \ \ \ \
( ( )\___ | '_ | '_| | '_ \/ _` | \ \ \ \
 \\/  ___)| |_)| | | | | || (_| |  ) ) ) )
  '  |____| .__|_| |_|_| |_\__, | / / / /
 =========|_|==============|___/=/_/_/_/
 :: Spring Boot ::                (v3.1.4)

21:16:32:828 {main} INFO  c.e.H.i.PacientControllerIT - Starting PacientControllerIT using Java 20.0.2 with PID 11864 (started by Joao in C:\Users\João Pedro\Documents\AgendaMedicav2\Healthbook\Healthbook)
21:16:32:829 {main} INFO  c.e.H.i.PacientControllerIT - No active profile set, falling back to 1 default profile: "default"
21:16:32:895 {main} INFO  o.s.d.r.c.RepositoryConfigurationDelegate - Bootstrapping Spring Data JPA repositories in DEFAULT mode.
21:16:32:902 {main} INFO  o.s.d.r.c.RepositoryConfigurationDelegate - Finished Spring Data repository scanning in 6 ms. Found 1 JPA repository interfaces.
21:16:32:910 {main} INFO  o.s.b.t.a.j.TestDatabaseAutoConfiguration$EmbeddedDataSourceBeanFactoryPostProcessor - Replacing 'dataSource' DataSource bean with embedded version
21:16:32:932 {main} INFO  o.s.b.w.e.tomcat.TomcatWebServer - Tomcat initialized with port(s): 0 (http)
21:16:32:932 {main} INFO  o.a.coyote.http11.Http11NioProtocol - Initializing ProtocolHandler ["http-nio-auto-6"]
21:16:32:933 {main} INFO  o.a.catalina.core.StandardService - Starting service [Tomcat]
21:16:32:933 {main} INFO  o.a.catalina.core.StandardEngine - Starting Servlet engine: [Apache Tomcat/10.1.13]
21:16:32:943 {main} INFO  o.a.c.c.C.[Tomcat].[localhost].[/] - Initializing Spring embedded WebApplicationContext
21:16:32:943 {main} INFO  o.s.b.w.s.c.ServletWebServerApplicationContext - Root WebApplicationContext: initialization completed in 114 ms
21:16:32:947 {main} INFO  o.s.j.d.e.EmbeddedDatabaseFactory - Starting embedded database: url='jdbc:h2:mem:f7b3232f-53b4-4029-8d94-354f33b62797;DB_CLOSE_DELAY=-1;DB_CLOSE_ON_EXIT=false', username='sa'
21:16:32:955 {main} INFO  o.h.jpa.internal.util.LogHelper - HHH000204: Processing PersistenceUnitInfo [name: default]
21:16:32:958 {main} INFO  o.h.b.i.BytecodeProviderInitiator - HHH000021: Bytecode provider name : bytebuddy
21:16:32:958 {main} INFO  o.s.o.j.p.SpringPersistenceUnitInfo - No LoadTimeWeaver setup: ignoring JPA class transformer
21:16:32:963 {main} INFO  o.h.b.i.BytecodeProviderInitiator - HHH000021: Bytecode provider name : bytebuddy
21:16:32:979 {main} INFO  o.h.e.t.j.p.i.JtaPlatformInitiator - HHH000490: Using JtaPlatform implementation: [org.hibernate.engine.transaction.jta.platform.internal.NoJtaPlatform]
21:16:32:980 {main} DEBUG org.hibernate.SQL - create table pacient (id bigint generated by default as identity, address varchar(255), age integer not null, name varchar(255), phone_number varchar(255), primary key (id))
21:16:32:981 {main} INFO  o.s.o.j.LocalContainerEntityManagerFactoryBean - Initialized JPA EntityManagerFactory for persistence unit 'default'
21:16:33:009 {main} WARN  o.s.b.a.o.j.JpaBaseConfiguration$JpaWebConfiguration - spring.jpa.open-in-view is enabled by default. Therefore, database queries may be performed during view rendering. Explicitly configure spring.jpa.open-in-view to disable this warning
21:16:33:048 {main} INFO  o.a.coyote.http11.Http11NioProtocol - Starting ProtocolHandler ["http-nio-auto-6"]
21:16:33:051 {main} INFO  o.s.b.w.e.tomcat.TomcatWebServer - Tomcat started on port(s): 53461 (http) with context path ''
21:16:33:053 {main} INFO  c.e.H.i.PacientControllerIT - Started PacientControllerIT in 0.236 seconds (process running for 6.57)
21:16:33:060 {http-nio-auto-6-exec-1} INFO  o.a.c.c.C.[Tomcat].[localhost].[/] - Initializing Spring DispatcherServlet 'dispatcherServlet'
21:16:33:060 {http-nio-auto-6-exec-1} INFO  o.s.web.servlet.DispatcherServlet - Initializing Servlet 'dispatcherServlet'
21:16:33:061 {http-nio-auto-6-exec-1} INFO  o.s.web.servlet.DispatcherServlet - Completed initialization in 1 ms
21:16:33:124 {http-nio-auto-6-exec-1} DEBUG org.hibernate.SQL - select p1_0.id,p1_0.address,p1_0.age,p1_0.name,p1_0.phone_number from pacient p1_0 where p1_0.name=? offset ? rows fetch first ? rows only
]]></system-out>
  </testcase>
  <testcase name="update_ReturnPacient_WhenSuccessful" classname="com.example.Healthbook.integration.PacientControllerIT" time="0.246">
    <system-out><![CDATA[21:16:33:137 {main} INFO  o.a.coyote.http11.Http11NioProtocol - Pausing ProtocolHandler ["http-nio-auto-6"]
21:16:33:137 {main} INFO  o.a.catalina.core.StandardService - Stopping service [Tomcat]
21:16:33:137 {main} INFO  o.a.c.c.C.[Tomcat].[localhost].[/] - Destroying Spring FrameworkServlet 'dispatcherServlet'
21:16:33:138 {main} INFO  o.a.coyote.http11.Http11NioProtocol - Stopping ProtocolHandler ["http-nio-auto-6"]
21:16:33:139 {main} INFO  o.a.coyote.http11.Http11NioProtocol - Destroying ProtocolHandler ["http-nio-auto-6"]
21:16:33:140 {main} INFO  o.s.o.j.LocalContainerEntityManagerFactoryBean - Closing JPA EntityManagerFactory for persistence unit 'default'

  .   ____          _            __ _ _
 /\\ / ___'_ __ _ _(_)_ __  __ _ \ \ \ \
( ( )\___ | '_ | '_| | '_ \/ _` | \ \ \ \
 \\/  ___)| |_)| | | | | || (_| |  ) ) ) )
  '  |____| .__|_| |_|_| |_\__, | / / / /
 =========|_|==============|___/=/_/_/_/
 :: Spring Boot ::                (v3.1.4)

21:16:33:155 {main} INFO  c.e.H.i.PacientControllerIT - Starting PacientControllerIT using Java 20.0.2 with PID 11864 (started by Joao in C:\Users\João Pedro\Documents\AgendaMedicav2\Healthbook\Healthbook)
21:16:33:155 {main} INFO  c.e.H.i.PacientControllerIT - No active profile set, falling back to 1 default profile: "default"
21:16:33:219 {main} INFO  o.s.d.r.c.RepositoryConfigurationDelegate - Bootstrapping Spring Data JPA repositories in DEFAULT mode.
21:16:33:225 {main} INFO  o.s.d.r.c.RepositoryConfigurationDelegate - Finished Spring Data repository scanning in 5 ms. Found 1 JPA repository interfaces.
21:16:33:232 {main} INFO  o.s.b.t.a.j.TestDatabaseAutoConfiguration$EmbeddedDataSourceBeanFactoryPostProcessor - Replacing 'dataSource' DataSource bean with embedded version
21:16:33:251 {main} INFO  o.s.b.w.e.tomcat.TomcatWebServer - Tomcat initialized with port(s): 0 (http)
21:16:33:251 {main} INFO  o.a.coyote.http11.Http11NioProtocol - Initializing ProtocolHandler ["http-nio-auto-7"]
21:16:33:251 {main} INFO  o.a.catalina.core.StandardService - Starting service [Tomcat]
21:16:33:252 {main} INFO  o.a.catalina.core.StandardEngine - Starting Servlet engine: [Apache Tomcat/10.1.13]
21:16:33:266 {main} INFO  o.a.c.c.C.[Tomcat].[localhost].[/] - Initializing Spring embedded WebApplicationContext
21:16:33:266 {main} INFO  o.s.b.w.s.c.ServletWebServerApplicationContext - Root WebApplicationContext: initialization completed in 110 ms
21:16:33:270 {main} INFO  o.s.j.d.e.EmbeddedDatabaseFactory - Starting embedded database: url='jdbc:h2:mem:d6f7f2f6-d888-481f-a04b-e95749acbf65;DB_CLOSE_DELAY=-1;DB_CLOSE_ON_EXIT=false', username='sa'
21:16:33:277 {main} INFO  o.h.jpa.internal.util.LogHelper - HHH000204: Processing PersistenceUnitInfo [name: default]
21:16:33:280 {main} INFO  o.h.b.i.BytecodeProviderInitiator - HHH000021: Bytecode provider name : bytebuddy
21:16:33:280 {main} INFO  o.s.o.j.p.SpringPersistenceUnitInfo - No LoadTimeWeaver setup: ignoring JPA class transformer
21:16:33:284 {main} INFO  o.h.b.i.BytecodeProviderInitiator - HHH000021: Bytecode provider name : bytebuddy
21:16:33:300 {main} INFO  o.h.e.t.j.p.i.JtaPlatformInitiator - HHH000490: Using JtaPlatform implementation: [org.hibernate.engine.transaction.jta.platform.internal.NoJtaPlatform]
21:16:33:301 {main} DEBUG org.hibernate.SQL - create table pacient (id bigint generated by default as identity, address varchar(255), age integer not null, name varchar(255), phone_number varchar(255), primary key (id))
21:16:33:302 {main} INFO  o.s.o.j.LocalContainerEntityManagerFactoryBean - Initialized JPA EntityManagerFactory for persistence unit 'default'
21:16:33:324 {main} WARN  o.s.b.a.o.j.JpaBaseConfiguration$JpaWebConfiguration - spring.jpa.open-in-view is enabled by default. Therefore, database queries may be performed during view rendering. Explicitly configure spring.jpa.open-in-view to disable this warning
21:16:33:356 {main} INFO  o.a.coyote.http11.Http11NioProtocol - Starting ProtocolHandler ["http-nio-auto-7"]
21:16:33:358 {main} INFO  o.s.b.w.e.tomcat.TomcatWebServer - Tomcat started on port(s): 53464 (http) with context path ''
21:16:33:359 {main} INFO  c.e.H.i.PacientControllerIT - Started PacientControllerIT in 0.218 seconds (process running for 6.877)
21:16:33:363 {main} DEBUG org.hibernate.SQL - insert into pacient (address,age,name,phone_number,id) values (?,?,?,?,default)
21:16:33:366 {http-nio-auto-7-exec-1} INFO  o.a.c.c.C.[Tomcat].[localhost].[/] - Initializing Spring DispatcherServlet 'dispatcherServlet'
21:16:33:366 {http-nio-auto-7-exec-1} INFO  o.s.web.servlet.DispatcherServlet - Initializing Servlet 'dispatcherServlet'
21:16:33:366 {http-nio-auto-7-exec-1} INFO  o.s.web.servlet.DispatcherServlet - Completed initialization in 0 ms
21:16:33:373 {http-nio-auto-7-exec-1} DEBUG org.hibernate.SQL - select p1_0.id,p1_0.address,p1_0.age,p1_0.name,p1_0.phone_number from pacient p1_0 where p1_0.id=?
21:16:33:374 {http-nio-auto-7-exec-1} DEBUG org.hibernate.SQL - insert into pacient (address,age,name,phone_number,id) values (?,?,?,?,default)
]]></system-out>
  </testcase>
  <testcase name="getByName_ReturnListOfPacient_WhenSuccessful" classname="com.example.Healthbook.integration.PacientControllerIT" time="0.249">
    <system-out><![CDATA[21:16:33:385 {main} INFO  o.a.coyote.http11.Http11NioProtocol - Pausing ProtocolHandler ["http-nio-auto-7"]
21:16:33:385 {main} INFO  o.a.catalina.core.StandardService - Stopping service [Tomcat]
21:16:33:385 {main} INFO  o.a.c.c.C.[Tomcat].[localhost].[/] - Destroying Spring FrameworkServlet 'dispatcherServlet'
21:16:33:387 {main} INFO  o.a.coyote.http11.Http11NioProtocol - Stopping ProtocolHandler ["http-nio-auto-7"]
21:16:33:388 {main} INFO  o.a.coyote.http11.Http11NioProtocol - Destroying ProtocolHandler ["http-nio-auto-7"]
21:16:33:388 {main} INFO  o.s.o.j.LocalContainerEntityManagerFactoryBean - Closing JPA EntityManagerFactory for persistence unit 'default'

  .   ____          _            __ _ _
 /\\ / ___'_ __ _ _(_)_ __  __ _ \ \ \ \
( ( )\___ | '_ | '_| | '_ \/ _` | \ \ \ \
 \\/  ___)| |_)| | | | | || (_| |  ) ) ) )
  '  |____| .__|_| |_|_| |_\__, | / / / /
 =========|_|==============|___/=/_/_/_/
 :: Spring Boot ::                (v3.1.4)

21:16:33:402 {main} INFO  c.e.H.i.PacientControllerIT - Starting PacientControllerIT using Java 20.0.2 with PID 11864 (started by Joao in C:\Users\João Pedro\Documents\AgendaMedicav2\Healthbook\Healthbook)
21:16:33:402 {main} INFO  c.e.H.i.PacientControllerIT - No active profile set, falling back to 1 default profile: "default"
21:16:33:460 {main} INFO  o.s.d.r.c.RepositoryConfigurationDelegate - Bootstrapping Spring Data JPA repositories in DEFAULT mode.
21:16:33:467 {main} INFO  o.s.d.r.c.RepositoryConfigurationDelegate - Finished Spring Data repository scanning in 6 ms. Found 1 JPA repository interfaces.
21:16:33:473 {main} INFO  o.s.b.t.a.j.TestDatabaseAutoConfiguration$EmbeddedDataSourceBeanFactoryPostProcessor - Replacing 'dataSource' DataSource bean with embedded version
21:16:33:489 {main} INFO  o.s.b.w.e.tomcat.TomcatWebServer - Tomcat initialized with port(s): 0 (http)
21:16:33:489 {main} INFO  o.a.coyote.http11.Http11NioProtocol - Initializing ProtocolHandler ["http-nio-auto-8"]
21:16:33:489 {main} INFO  o.a.catalina.core.StandardService - Starting service [Tomcat]
21:16:33:489 {main} INFO  o.a.catalina.core.StandardEngine - Starting Servlet engine: [Apache Tomcat/10.1.13]
21:16:33:501 {main} INFO  o.a.c.c.C.[Tomcat].[localhost].[/] - Initializing Spring embedded WebApplicationContext
21:16:33:501 {main} INFO  o.s.b.w.s.c.ServletWebServerApplicationContext - Root WebApplicationContext: initialization completed in 98 ms
21:16:33:508 {main} INFO  o.s.j.d.e.EmbeddedDatabaseFactory - Starting embedded database: url='jdbc:h2:mem:0a6e1980-75f1-480b-b74c-9cd290868a92;DB_CLOSE_DELAY=-1;DB_CLOSE_ON_EXIT=false', username='sa'
21:16:33:526 {main} INFO  o.h.jpa.internal.util.LogHelper - HHH000204: Processing PersistenceUnitInfo [name: default]
21:16:33:531 {main} INFO  o.h.b.i.BytecodeProviderInitiator - HHH000021: Bytecode provider name : bytebuddy
21:16:33:531 {main} INFO  o.s.o.j.p.SpringPersistenceUnitInfo - No LoadTimeWeaver setup: ignoring JPA class transformer
21:16:33:536 {main} INFO  o.h.b.i.BytecodeProviderInitiator - HHH000021: Bytecode provider name : bytebuddy
21:16:33:553 {main} INFO  o.h.e.t.j.p.i.JtaPlatformInitiator - HHH000490: Using JtaPlatform implementation: [org.hibernate.engine.transaction.jta.platform.internal.NoJtaPlatform]
21:16:33:554 {main} DEBUG org.hibernate.SQL - create table pacient (id bigint generated by default as identity, address varchar(255), age integer not null, name varchar(255), phone_number varchar(255), primary key (id))
21:16:33:554 {main} INFO  o.s.o.j.LocalContainerEntityManagerFactoryBean - Initialized JPA EntityManagerFactory for persistence unit 'default'
21:16:33:577 {main} WARN  o.s.b.a.o.j.JpaBaseConfiguration$JpaWebConfiguration - spring.jpa.open-in-view is enabled by default. Therefore, database queries may be performed during view rendering. Explicitly configure spring.jpa.open-in-view to disable this warning
21:16:33:606 {main} INFO  o.a.coyote.http11.Http11NioProtocol - Starting ProtocolHandler ["http-nio-auto-8"]
21:16:33:608 {main} INFO  o.s.b.w.e.tomcat.TomcatWebServer - Tomcat started on port(s): 53467 (http) with context path ''
21:16:33:610 {main} INFO  c.e.H.i.PacientControllerIT - Started PacientControllerIT in 0.22 seconds (process running for 7.127)
21:16:33:612 {main} DEBUG org.hibernate.SQL - insert into pacient (address,age,name,phone_number,id) values (?,?,?,?,default)
21:16:33:618 {http-nio-auto-8-exec-1} INFO  o.a.c.c.C.[Tomcat].[localhost].[/] - Initializing Spring DispatcherServlet 'dispatcherServlet'
21:16:33:618 {http-nio-auto-8-exec-1} INFO  o.s.web.servlet.DispatcherServlet - Initializing Servlet 'dispatcherServlet'
21:16:33:619 {http-nio-auto-8-exec-1} INFO  o.s.web.servlet.DispatcherServlet - Completed initialization in 1 ms
21:16:33:622 {http-nio-auto-8-exec-1} DEBUG org.hibernate.SQL - select p1_0.id,p1_0.address,p1_0.age,p1_0.name,p1_0.phone_number from pacient p1_0 where p1_0.name=? offset ? rows fetch first ? rows only
]]></system-out>
  </testcase>
  <testcase name="listAll_ReturnListOfPacient_WhenSuccessful" classname="com.example.Healthbook.integration.PacientControllerIT" time="0.239">
    <system-out><![CDATA[21:16:33:634 {main} INFO  o.a.coyote.http11.Http11NioProtocol - Pausing ProtocolHandler ["http-nio-auto-8"]
21:16:33:635 {main} INFO  o.a.catalina.core.StandardService - Stopping service [Tomcat]
21:16:33:635 {main} INFO  o.a.c.c.C.[Tomcat].[localhost].[/] - Destroying Spring FrameworkServlet 'dispatcherServlet'
21:16:33:636 {main} INFO  o.a.coyote.http11.Http11NioProtocol - Stopping ProtocolHandler ["http-nio-auto-8"]
21:16:33:636 {main} INFO  o.a.coyote.http11.Http11NioProtocol - Destroying ProtocolHandler ["http-nio-auto-8"]
21:16:33:637 {main} INFO  o.s.o.j.LocalContainerEntityManagerFactoryBean - Closing JPA EntityManagerFactory for persistence unit 'default'

  .   ____          _            __ _ _
 /\\ / ___'_ __ _ _(_)_ __  __ _ \ \ \ \
( ( )\___ | '_ | '_| | '_ \/ _` | \ \ \ \
 \\/  ___)| |_)| | | | | || (_| |  ) ) ) )
  '  |____| .__|_| |_|_| |_\__, | / / / /
 =========|_|==============|___/=/_/_/_/
 :: Spring Boot ::                (v3.1.4)

21:16:33:649 {main} INFO  c.e.H.i.PacientControllerIT - Starting PacientControllerIT using Java 20.0.2 with PID 11864 (started by Joao in C:\Users\João Pedro\Documents\AgendaMedicav2\Healthbook\Healthbook)
21:16:33:649 {main} INFO  c.e.H.i.PacientControllerIT - No active profile set, falling back to 1 default profile: "default"
21:16:33:711 {main} INFO  o.s.d.r.c.RepositoryConfigurationDelegate - Bootstrapping Spring Data JPA repositories in DEFAULT mode.
21:16:33:720 {main} INFO  o.s.d.r.c.RepositoryConfigurationDelegate - Finished Spring Data repository scanning in 8 ms. Found 1 JPA repository interfaces.
21:16:33:727 {main} INFO  o.s.b.t.a.j.TestDatabaseAutoConfiguration$EmbeddedDataSourceBeanFactoryPostProcessor - Replacing 'dataSource' DataSource bean with embedded version
21:16:33:748 {main} INFO  o.s.b.w.e.tomcat.TomcatWebServer - Tomcat initialized with port(s): 0 (http)
21:16:33:748 {main} INFO  o.a.coyote.http11.Http11NioProtocol - Initializing ProtocolHandler ["http-nio-auto-9"]
21:16:33:749 {main} INFO  o.a.catalina.core.StandardService - Starting service [Tomcat]
21:16:33:749 {main} INFO  o.a.catalina.core.StandardEngine - Starting Servlet engine: [Apache Tomcat/10.1.13]
21:16:33:760 {main} INFO  o.a.c.c.C.[Tomcat].[localhost].[/] - Initializing Spring embedded WebApplicationContext
21:16:33:760 {main} INFO  o.s.b.w.s.c.ServletWebServerApplicationContext - Root WebApplicationContext: initialization completed in 110 ms
21:16:33:765 {main} INFO  o.s.j.d.e.EmbeddedDatabaseFactory - Starting embedded database: url='jdbc:h2:mem:30c25df9-d56e-4163-8ad7-c5d3050c86c3;DB_CLOSE_DELAY=-1;DB_CLOSE_ON_EXIT=false', username='sa'
21:16:33:774 {main} INFO  o.h.jpa.internal.util.LogHelper - HHH000204: Processing PersistenceUnitInfo [name: default]
21:16:33:777 {main} INFO  o.h.b.i.BytecodeProviderInitiator - HHH000021: Bytecode provider name : bytebuddy
21:16:33:777 {main} INFO  o.s.o.j.p.SpringPersistenceUnitInfo - No LoadTimeWeaver setup: ignoring JPA class transformer
21:16:33:781 {main} INFO  o.h.b.i.BytecodeProviderInitiator - HHH000021: Bytecode provider name : bytebuddy
21:16:33:795 {main} INFO  o.h.e.t.j.p.i.JtaPlatformInitiator - HHH000490: Using JtaPlatform implementation: [org.hibernate.engine.transaction.jta.platform.internal.NoJtaPlatform]
21:16:33:796 {main} DEBUG org.hibernate.SQL - create table pacient (id bigint generated by default as identity, address varchar(255), age integer not null, name varchar(255), phone_number varchar(255), primary key (id))
21:16:33:796 {main} INFO  o.s.o.j.LocalContainerEntityManagerFactoryBean - Initialized JPA EntityManagerFactory for persistence unit 'default'
21:16:33:816 {main} WARN  o.s.b.a.o.j.JpaBaseConfiguration$JpaWebConfiguration - spring.jpa.open-in-view is enabled by default. Therefore, database queries may be performed during view rendering. Explicitly configure spring.jpa.open-in-view to disable this warning
21:16:33:849 {main} INFO  o.a.coyote.http11.Http11NioProtocol - Starting ProtocolHandler ["http-nio-auto-9"]
21:16:33:852 {main} INFO  o.s.b.w.e.tomcat.TomcatWebServer - Tomcat started on port(s): 53470 (http) with context path ''
21:16:33:853 {main} INFO  c.e.H.i.PacientControllerIT - Started PacientControllerIT in 0.215 seconds (process running for 7.371)
21:16:33:857 {main} DEBUG org.hibernate.SQL - insert into pacient (address,age,name,phone_number,id) values (?,?,?,?,default)
21:16:33:860 {http-nio-auto-9-exec-1} INFO  o.a.c.c.C.[Tomcat].[localhost].[/] - Initializing Spring DispatcherServlet 'dispatcherServlet'
21:16:33:860 {http-nio-auto-9-exec-1} INFO  o.s.web.servlet.DispatcherServlet - Initializing Servlet 'dispatcherServlet'
21:16:33:861 {http-nio-auto-9-exec-1} INFO  o.s.web.servlet.DispatcherServlet - Completed initialization in 1 ms
21:16:33:864 {http-nio-auto-9-exec-1} DEBUG org.hibernate.SQL - select p1_0.id,p1_0.address,p1_0.age,p1_0.name,p1_0.phone_number from pacient p1_0
]]></system-out>
  </testcase>
</testsuite>