<?xml version="1.0" encoding="UTF-8"?>
<testsuite xmlns:xsi="http://www.w3.org/2001/XMLSchema-instance" xsi:noNamespaceSchemaLocation="https://maven.apache.org/surefire/maven-surefire-plugin/xsd/surefire-test-report-3.0.xsd" version="3.0" name="com.example.Healthbook.repositories.PacientRepositoryTest" time="0.166" tests="6" errors="0" skipped="0" failures="0">
  <properties>
[...]
</properties>
  <testcase name="findByName_ReturnListOfPacient_WhenSuccessful" classname="com.example.Healthbook.repositories.PacientRepositoryTest" time="0.012">
    <system-out><![CDATA[21:16:33:872 {main} INFO  o.s.t.c.s.AnnotationConfigContextLoaderUtils - Could not detect default configuration classes for test class [com.example.Healthbook.repositories.PacientRepositoryTest]: PacientRepositoryTest does not declare any static, non-private, non-final, nested classes annotated with @Configuration.
21:16:33:884 {main} INFO  o.s.b.t.c.SpringBootTestContextBootstrapper - Found @SpringBootConfiguration com.example.Healthbook.HealthbookApplication for test class com.example.Healthbook.repositories.PacientRepositoryTest

  .   ____          _            __ _ _
 /\\ / ___'_ __ _ _(_)_ __  __ _ \ \ \ \
( ( )\___ | '_ | '_| | '_ \/ _` | \ \ \ \
 \\/  ___)| |_)| | | | | || (_| |  ) ) ) )
  '  |____| .__|_| |_|_| |_\__, | / / / /
 =========|_|==============|___/=/_/_/_/
 :: Spring Boot ::                (v3.1.4)

21:16:33:900 {main} INFO  c.e.H.r.PacientRepositoryTest - Starting PacientRepositoryTest using Java 20.0.2 with PID 11864 (started by Joao in C:\Users\João Pedro\Documents\AgendaMedicav2\Healthbook\Healthbook)
21:16:33:900 {main} INFO  c.e.H.r.PacientRepositoryTest - No active profile set, falling back to 1 default profile: "default"
21:16:33:934 {main} INFO  o.s.d.r.c.RepositoryConfigurationDelegate - Bootstrapping Spring Data JPA repositories in DEFAULT mode.
21:16:33:940 {main} INFO  o.s.d.r.c.RepositoryConfigurationDelegate - Finished Spring Data repository scanning in 6 ms. Found 1 JPA repository interfaces.
21:16:33:945 {main} INFO  o.s.b.t.a.j.TestDatabaseAutoConfiguration$EmbeddedDataSourceBeanFactoryPostProcessor - Replacing 'dataSource' DataSource bean with embedded version
21:16:33:950 {main} INFO  o.s.j.d.e.EmbeddedDatabaseFactory - Starting embedded database: url='jdbc:h2:mem:8c615f65-4a23-4d0b-966e-db25dfbb143d;DB_CLOSE_DELAY=-1;DB_CLOSE_ON_EXIT=false', username='sa'
21:16:33:957 {main} INFO  o.h.jpa.internal.util.LogHelper - HHH000204: Processing PersistenceUnitInfo [name: default]
21:16:33:960 {main} INFO  o.h.b.i.BytecodeProviderInitiator - HHH000021: Bytecode provider name : bytebuddy
21:16:33:960 {main} INFO  o.s.o.j.p.SpringPersistenceUnitInfo - No LoadTimeWeaver setup: ignoring JPA class transformer
21:16:33:964 {main} INFO  o.h.b.i.BytecodeProviderInitiator - HHH000021: Bytecode provider name : bytebuddy
21:16:33:979 {main} INFO  o.h.e.t.j.p.i.JtaPlatformInitiator - HHH000490: Using JtaPlatform implementation: [org.hibernate.engine.transaction.jta.platform.internal.NoJtaPlatform]
21:16:33:980 {main} DEBUG org.hibernate.SQL - create table pacient (id bigint generated by default as identity, address varchar(255), age integer not null, name varchar(255), phone_number varchar(255), primary key (id))
Hibernate: create table pacient (id bigint generated by default as identity, address varchar(255), age integer not null, name varchar(255), phone_number varchar(255), primary key (id))
21:16:33:981 {main} INFO  o.s.o.j.LocalContainerEntityManagerFactoryBean - Initialized JPA EntityManagerFactory for persistence unit 'default'
21:16:33:995 {main} INFO  c.e.H.r.PacientRepositoryTest - Started PacientRepositoryTest in 0.109 seconds (process running for 7.512)
21:16:34:001 {main} DEBUG org.hibernate.SQL - insert into pacient (address,age,name,phone_number,id) values (?,?,?,?,default)
Hibernate: insert into pacient (address,age,name,phone_number,id) values (?,?,?,?,default)
21:16:34:004 {main} DEBUG org.hibernate.SQL - select p1_0.id,p1_0.address,p1_0.age,p1_0.name,p1_0.phone_number from pacient p1_0 where p1_0.name=?
Hibernate: select p1_0.id,p1_0.address,p1_0.age,p1_0.name,p1_0.phone_number from pacient p1_0 where p1_0.name=?
]]></system-out>
  </testcase>
  <testcase name="create_ThrowsConstraintViolationException_WhenFieldIsEmpty" classname="com.example.Healthbook.repositories.PacientRepositoryTest" time="0.009"/>
  <testcase name="createAndPersistPacient_WhenSuccessful" classname="com.example.Healthbook.repositories.PacientRepositoryTest" time="0.003">
    <system-out><![CDATA[21:16:34:021 {main} DEBUG org.hibernate.SQL - insert into pacient (address,age,name,phone_number,id) values (?,?,?,?,default)
Hibernate: insert into pacient (address,age,name,phone_number,id) values (?,?,?,?,default)
]]></system-out>
  </testcase>
  <testcase name="findByName_ReturnEmptyList_WhenPacientNotFound" classname="com.example.Healthbook.repositories.PacientRepositoryTest" time="0.003">
    <system-out><![CDATA[21:16:34:025 {main} DEBUG org.hibernate.SQL - select p1_0.id,p1_0.address,p1_0.age,p1_0.name,p1_0.phone_number from pacient p1_0 where p1_0.name=?
Hibernate: select p1_0.id,p1_0.address,p1_0.age,p1_0.name,p1_0.phone_number from pacient p1_0 where p1_0.name=?
]]></system-out>
  </testcase>
  <testcase name="deleteAndRemovePacient_WhenSuccessful" classname="com.example.Healthbook.repositories.PacientRepositoryTest" time="0.004">
    <system-out><![CDATA[21:16:34:028 {main} DEBUG org.hibernate.SQL - insert into pacient (address,age,name,phone_number,id) values (?,?,?,?,default)
Hibernate: insert into pacient (address,age,name,phone_number,id) values (?,?,?,?,default)
]]></system-out>
  </testcase>
  <testcase name="createAndUpdatePacient_WhenSuccessful" classname="com.example.Healthbook.repositories.PacientRepositoryTest" time="0.005">
    <system-out><![CDATA[21:16:34:033 {main} DEBUG org.hibernate.SQL - insert into pacient (address,age,name,phone_number,id) values (?,?,?,?,default)
Hibernate: insert into pacient (address,age,name,phone_number,id) values (?,?,?,?,default)
]]></system-out>
  </testcase>
</testsuite>